<?xml version="1.0" encoding="UTF-8"?>
<testsuite xmlns:xsi="http://www.w3.org/2001/XMLSchema-instance" xsi:noNamespaceSchemaLocation="https://maven.apache.org/surefire/maven-surefire-plugin/xsd/surefire-test-report-3.0.xsd" version="3.0" name="TestSuite" time="17.74" tests="2" errors="0" skipped="0" failures="1">
  <properties>
[...]
</properties>
  <testcase name="runScenario[&quot;Search Experience for product search in both home and Offers page&quot;, &quot;Optional[Search and Place the order for Products]&quot;](1)" classname="cucumberOptions.TestNGTestRunner" time="13.933">
    <system-out><![CDATA[
@OffersPage
Scenario Outline: Search Experience for product search in both home and Offers page # src/test/java/features/searchProduct.feature:13

@OffersPage
Scenario Outline: Search Experience for product search in both home and Offers page # src/test/java/features/searchProduct.feature:12
  Given User is on GreenCart Landing page                                           # stepDefinations.LandingPageStepDefinition.user_is_on_green_cart_landing_page()
  Given User is on GreenCart Landing page                                           # stepDefinations.LandingPageStepDefinition.user_is_on_green_cart_landing_page()
null is extracted from Home page
null is extracted from Home page
  When user searched with Shortname Beet and extracted actual name of product       # stepDefinations.LandingPageStepDefinition.user_searched_with_shortname_and_extracted_actual_name_of_product(java.lang.String)
  When user searched with Shortname Tom and extracted actual name of product        # stepDefinations.LandingPageStepDefinition.user_searched_with_shortname_and_extracted_actual_name_of_product(java.lang.String)
  Then user searched for Tom shortname in offers page                               # stepDefinations.OfferPageStepDefinition.user_searched_for_same_shortname_in_offers_page(java.lang.String)
  And validate product name in offers page matches with Landing Page                # stepDefinations.OfferPageStepDefinition.validate_product_name_in_Offers_page()
  Then user searched for Beet shortname in offers page                              # stepDefinations.OfferPageStepDefinition.user_searched_for_same_shortname_in_offers_page(java.lang.String)
  And validate product name in offers page matches with Landing Page                # stepDefinations.OfferPageStepDefinition.validate_product_name_in_Offers_page()
      java.lang.AssertionError: expected [Beetroot] but found [No data]
	at org.testng.Assert.fail(Assert.java:99)
	at org.testng.Assert.failNotEquals(Assert.java:1037)
	at org.testng.Assert.assertEqualsImpl(Assert.java:140)
	at org.testng.Assert.assertEquals(Assert.java:122)
	at org.testng.Assert.assertEquals(Assert.java:629)
	at org.testng.Assert.assertEquals(Assert.java:639)
	at stepDefinations.OfferPageStepDefinition.validate_product_name_in_Offers_page(OfferPageStepDefinition.java:58)
	at âœ½.validate product name in offers page matches with Landing Page(file:///C:/Users/HP/eclipse-workspace/CucumberFramework1/src/test/java/features/searchProduct.feature:8)


    Embedding image [image/png 24384 bytes]

]]></system-out>
    <system-err><![CDATA[SLF4J: No SLF4J providers were found.
SLF4J: Defaulting to no-operation (NOP) logger implementation
SLF4J: See https://www.slf4j.org/codes.html#noProviders for further details.
Starting ChromeDriver 110.0.5481.77 (65ed616c6e8ee3fe0ad64fe83796c020644d42af-refs/branch-heads/5481@{#839}) on port 56836
Only local connections are allowed.
Please see https://chromedriver.chromium.org/security-considerations for suggestions on keeping ChromeDriver safe.
Starting ChromeDriver 110.0.5481.77 (65ed616c6e8ee3fe0ad64fe83796c020644d42af-refs/branch-heads/5481@{#839}) on port 51423
Only local connections are allowed.
Please see https://chromedriver.chromium.org/security-considerations for suggestions on keeping ChromeDriver safe.
ChromeDriver was started successfully.
ChromeDriver was started successfully.
[1678603931.704][WARNING]: v[i1r6t7u8a6l0 3v9o3i1d. 7D0e8v]T[oWoAlRsNCIlNiGe]n:t Ivmiprlt:u:aAld dvLoiisdt eDner(eDevvTToooollsEsvCelniteLnitsItmepnle:r: A*d)d Lsiusbtsecnreirb(iDnegv Tao ollissEtveennetLri sttoe ntehre  *a)l rseuabdsyc rciobninnegc ta eldi sDteevnTeoro ltsoC ltiheen ta.l rCeoandnye cctoinonn notification will ectend oDte vaTroroilvseC.li
ent. Connection notification will not arrive.
Mar 12, 2023 12:22:11 PM org.openqa.selenium.remote.ProtocolHandshake createSession
INFO: Detected dialect: W3C
Mar 12, 2023 12:22:11 PM org.openqa.selenium.remote.ProtocolHandshake createSession
INFO: Detected dialect: W3C
Mar 12, 2023 12:22:12 PM org.openqa.selenium.devtools.CdpVersionFinder findNearestMatch
WARNING: Unable to find an exact match for CDP version 110, so returning the closest version found: a no-op implementation
Mar 12, 2023 12:22:12 PM org.openqa.selenium.devtools.CdpVersionFinder findNearestMatch
WARNING: Unable to find an exact match for CDP version 110, so returning the closest version found: a no-op implementation
Mar 12, 2023 12:22:12 PM org.openqa.selenium.devtools.CdpVersionFinder findNearestMatch
INFO: Unable to find CDP implementation matching 110.
Mar 12, 2023 12:22:12 PM org.openqa.selenium.devtools.CdpVersionFinder findNearestMatch
INFO: Unable to find CDP implementation matching 110.
Mar 12, 2023 12:22:12 PM org.openqa.selenium.chromium.ChromiumDriver lambda$new$3
WARNING: Unable to find version of CDP to use for . You may need to include a dependency on a specific version of the CDP using something similar to `org.seleniumhq.selenium:selenium-devtools-v86:4.1.1` where the version ("v86") matches the version of the chromium-based browser you're using and the version number of the artifact is the same as Selenium's.
Mar 12, 2023 12:22:12 PM org.openqa.selenium.chromium.ChromiumDriver lambda$new$3
WARNING: Unable to find version of CDP to use for . You may need to include a dependency on a specific version of the CDP using something similar to `org.seleniumhq.selenium:selenium-devtools-v86:4.1.1` where the version ("v86") matches the version of the chromium-based browser you're using and the version number of the artifact is the same as Selenium's.
]]></system-err>
  </testcase>
  <testcase name="runScenario[&quot;Search Experience for product search in both home and Offers page&quot;, &quot;Optional[Search and Place the order for Products]&quot;](2)" classname="cucumberOptions.TestNGTestRunner" time="14.138">
    <failure message="expected [Beetroot] but found [No data]" type="java.lang.AssertionError"><![CDATA[java.lang.AssertionError: expected [Beetroot] but found [No data]
	at org.testng.Assert.fail(Assert.java:99)
	at org.testng.Assert.failNotEquals(Assert.java:1037)
	at org.testng.Assert.assertEqualsImpl(Assert.java:140)
	at org.testng.Assert.assertEquals(Assert.java:122)
	at org.testng.Assert.assertEquals(Assert.java:629)
	at org.testng.Assert.assertEquals(Assert.java:639)
	at stepDefinations.OfferPageStepDefinition.validate_product_name_in_Offers_page(OfferPageStepDefinition.java:58)
	at ✽.validate product name in offers page matches with Landing Page(file:///C:/Users/HP/eclipse-workspace/CucumberFramework1/src/test/java/features/searchProduct.feature:8)
]]></failure>
  </testcase>
</testsuite>